0 verbose cli /usr/bin/node /usr/bin/npm
1 info using npm@10.9.0
2 info using node@v23.1.0
3 silly config load:file:/usr/lib/node_modules/npm/npmrc
4 silly config load:file:/home/barvind/.local/share/nvim/mason/staging/prettier/.npmrc
5 silly config load:file:/home/barvind/.npmrc
6 silly config load:file:/etc/npmrc
7 verbose title npm init
8 verbose argv "init" "--yes" "--scope" "mason"
9 verbose logfile logs-max:10 dir:/home/barvind/.npm/_logs/2024-11-09T04_00_55_893Z-
10 verbose logfile /home/barvind/.npm/_logs/2024-11-09T04_00_55_893Z-debug-0.log
11 silly logfile done cleaning log files
12 silly package data {
12 silly package data   name: '@mason/prettier',
12 silly package data   version: '1.0.0',
12 silly package data   main: 'index.js',
12 silly package data   scripts: { test: 'echo "Error: no test specified" && exit 1' },
12 silly package data   keywords: [],
12 silly package data   author: '',
12 silly package data   license: 'ISC',
12 silly package data   description: ''
12 silly package data }
13 verbose cwd /home/barvind/.local/share/nvim/mason/staging/prettier
14 verbose os Linux 6.6.59-1-lts
15 verbose node v23.1.0
16 verbose npm  v10.9.0
17 verbose exit 0
18 info ok
