0 verbose cli /usr/bin/node /usr/bin/npm
1 info using npm@10.9.0
2 info using node@v23.1.0
3 silly config load:file:/usr/lib/node_modules/npm/npmrc
4 silly config load:file:/home/barvind/.local/share/nvim/mason/staging/prettier/.npmrc
5 silly config load:file:/home/barvind/.npmrc
6 silly config load:file:/etc/npmrc
7 verbose title npm install prettier@3.3.3
8 verbose argv "install" "prettier@3.3.3"
9 verbose logfile logs-max:10 dir:/home/barvind/.npm/_logs/2024-11-09T04_00_58_112Z-
10 verbose logfile /home/barvind/.npm/_logs/2024-11-09T04_00_58_112Z-debug-0.log
11 silly logfile done cleaning log files
12 silly packumentCache heap:4345298944 maxSize:1086324736 maxEntrySize:543162368
13 silly idealTree buildDeps
14 silly fetch manifest prettier@3.3.3
15 silly packumentCache full:https://registry.npmjs.org/prettier cache-miss
16 http fetch GET 200 https://registry.npmjs.org/prettier 289ms (cache miss)
17 silly packumentCache full:https://registry.npmjs.org/prettier set size:undefined disposed:false
18 silly placeDep ROOT prettier@3.3.3 OK for: @mason/prettier@1.0.0 want: 3.3.3
19 silly reify moves {}
20 silly audit bulk request { prettier: [ '3.3.3' ] }
21 silly tarball no local data for prettier@https://registry.npmjs.org/prettier/-/prettier-3.3.3.tgz. Extracting by manifest.
22 http fetch POST 200 https://registry.npmjs.org/-/npm/v1/security/advisories/bulk 159ms
23 silly audit report {}
24 http fetch GET 200 https://registry.npmjs.org/prettier/-/prettier-3.3.3.tgz 316ms (cache miss)
25 silly ADD node_modules/prettier
26 verbose cwd /home/barvind/.local/share/nvim/mason/staging/prettier
27 verbose os Linux 6.6.59-1-lts
28 verbose node v23.1.0
29 verbose npm  v10.9.0
30 verbose exit 0
31 info ok
