2025-06-04 14:24:31 Loading main app package /usr/lib/obsidian/obsidian.asar
2025-06-04 14:24:31 Checking for update using Github
2025-06-04 14:24:32 Success.
2025-06-04 14:24:32 Latest version is 1.8.10
2025-06-04 14:24:32 App is up to date.
2025-06-04 14:26:46 Loading main app package /usr/lib/obsidian/obsidian.asar
2025-06-04 14:26:46 Checking for update using Github
2025-06-04 14:26:46 Success.
2025-06-04 14:26:46 Latest version is 1.8.10
2025-06-04 14:26:46 App is up to date.
2025-06-04 14:37:29 Loading main app package /usr/lib/obsidian/obsidian.asar
2025-06-04 14:37:29 Checking for update using Github
2025-06-04 14:37:30 Success.
2025-06-04 14:37:30 Latest version is 1.8.10
2025-06-04 14:37:30 App is up to date.
2025-06-04 14:42:24 Loading main app package /usr/lib/obsidian/obsidian.asar
2025-06-04 14:42:24 Checking for update using Github
2025-06-04 14:42:24 Success.
2025-06-04 14:42:24 Latest version is 1.8.10
2025-06-04 14:42:24 App is up to date.
2025-06-04 14:44:58 Loading main app package /usr/lib/obsidian/obsidian.asar
2025-06-04 14:44:58 Checking for update using Github
2025-06-04 14:44:58 Success.
2025-06-04 14:44:58 Latest version is 1.8.10
2025-06-04 14:44:58 App is up to date.
2025-06-04 14:46:16 Loading main app package /usr/lib/obsidian/obsidian.asar
2025-06-04 14:46:16 Checking for update using Github
2025-06-04 14:46:16 Success.
2025-06-04 14:46:16 Latest version is 1.8.10
2025-06-04 14:46:16 App is up to date.
2025-06-04 14:47:18 Loading main app package /usr/lib/obsidian/obsidian.asar
2025-06-04 14:47:18 Checking for update using Github
2025-06-04 14:47:18 Success.
2025-06-04 14:47:18 Latest version is 1.8.10
2025-06-04 14:47:18 App is up to date.
2025-06-04 14:48:29 Loading main app package /usr/lib/obsidian/obsidian.asar
2025-06-04 14:48:29 Checking for update using Github
2025-06-04 14:48:29 Success.
2025-06-04 14:48:29 Latest version is 1.8.10
2025-06-04 14:48:29 App is up to date.
2025-06-04 15:05:37 Loading main app package /usr/lib/obsidian/obsidian.asar
2025-06-04 15:05:37 Checking for update using Github
2025-06-04 15:05:37 Success.
2025-06-04 15:05:37 Latest version is 1.8.10
2025-06-04 15:05:37 App is up to date.
2025-06-04 15:07:14 Loading main app package /usr/lib/obsidian/obsidian.asar
2025-06-04 15:07:14 Checking for update using Github
2025-06-04 15:07:14 Success.
2025-06-04 15:07:14 Latest version is 1.8.10
2025-06-04 15:07:14 App is up to date.
2025-06-04 15:12:17 Loading main app package /usr/lib/obsidian/obsidian.asar
2025-06-04 15:12:17 Checking for update using Github
2025-06-04 15:12:18 Success.
2025-06-04 15:12:18 Latest version is 1.8.10
2025-06-04 15:12:18 App is up to date.
2025-06-04 15:16:01 Loading main app package /usr/lib/obsidian/obsidian.asar
2025-06-04 15:16:01 Checking for update using Github
2025-06-04 15:16:01 Success.
2025-06-04 15:16:01 Latest version is 1.8.10
2025-06-04 15:16:01 App is up to date.
2025-06-04 15:16:28 Loading main app package /usr/lib/obsidian/obsidian.asar
2025-06-04 15:16:28 Checking for update using Github
2025-06-04 15:16:28 Success.
2025-06-04 15:16:28 Latest version is 1.8.10
2025-06-04 15:16:28 App is up to date.
2025-06-04 15:16:41 Loading main app package /usr/lib/obsidian/obsidian.asar
2025-06-04 15:16:41 Checking for update using Github
2025-06-04 15:16:41 Success.
2025-06-04 15:16:41 Latest version is 1.8.10
2025-06-04 15:16:41 App is up to date.
2025-06-04 15:19:48 Loading main app package /usr/lib/obsidian/obsidian.asar
2025-06-04 15:19:49 Checking for update using Github
2025-06-04 15:19:49 Success.
2025-06-04 15:19:49 Latest version is 1.8.10
2025-06-04 15:19:49 App is up to date.
2025-06-04 15:22:04 Loading main app package /usr/lib/obsidian/obsidian.asar
2025-06-04 15:22:04 Checking for update using Github
2025-06-04 15:22:04 Success.
2025-06-04 15:22:04 Latest version is 1.8.10
2025-06-04 15:22:04 App is up to date.
2025-06-04 15:25:08 Loading main app package /usr/lib/obsidian/obsidian.asar
2025-06-04 15:25:08 Checking for update using Github
2025-06-04 15:25:08 Success.
2025-06-04 15:25:08 Latest version is 1.8.10
2025-06-04 15:25:08 App is up to date.
2025-06-04 15:26:24 Loading main app package /usr/lib/obsidian/obsidian.asar
2025-06-04 15:26:24 Checking for update using Github
2025-06-04 15:26:24 Success.
2025-06-04 15:26:24 Latest version is 1.8.10
2025-06-04 15:26:24 App is up to date.
2025-06-04 15:43:09 Loading main app package /usr/lib/obsidian/obsidian.asar
2025-06-04 15:43:10 Checking for update using Github
2025-06-04 15:43:10 Success.
2025-06-04 15:43:10 Latest version is 1.8.10
2025-06-04 15:43:10 App is up to date.
2025-06-04 15:45:08 Loading main app package /usr/lib/obsidian/obsidian.asar
2025-06-04 15:45:08 Checking for update using Github
2025-06-04 15:45:08 Success.
2025-06-04 15:45:08 Latest version is 1.8.10
2025-06-04 15:45:08 App is up to date.
2025-06-04 15:46:15 Loading main app package /usr/lib/obsidian/obsidian.asar
2025-06-04 15:46:15 Checking for update using Github
2025-06-04 15:46:15 Success.
2025-06-04 15:46:15 Latest version is 1.8.10
2025-06-04 15:46:15 App is up to date.
2025-06-04 15:48:14 Loading main app package /usr/lib/obsidian/obsidian.asar
2025-06-04 15:48:14 Checking for update using Github
2025-06-04 15:48:14 Success.
2025-06-04 15:48:14 Latest version is 1.8.10
2025-06-04 15:48:14 App is up to date.
2025-06-04 15:50:21 Loading main app package /usr/lib/obsidian/obsidian.asar
2025-06-04 15:50:21 Checking for update using Github
2025-06-04 15:50:21 Success.
2025-06-04 15:50:21 Latest version is 1.8.10
2025-06-04 15:50:21 App is up to date.
2025-06-04 16:02:45 Loading main app package /usr/lib/obsidian/obsidian.asar
2025-06-04 16:02:45 Checking for update using Github
2025-06-04 16:02:45 Success.
2025-06-04 16:02:45 Latest version is 1.8.10
2025-06-04 16:02:45 App is up to date.
2025-06-04 17:02:45 Checking for update using Github
2025-06-04 17:02:45 Success.
2025-06-04 17:02:45 Latest version is 1.8.10
2025-06-04 17:02:45 App is up to date.
2025-06-04 18:02:45 Checking for update using Github
2025-06-04 18:02:45 Success.
2025-06-04 18:02:45 Latest version is 1.8.10
2025-06-04 18:02:45 App is up to date.
2025-06-04 18:05:57 Loading main app package /usr/lib/obsidian/obsidian.asar
2025-06-04 18:05:57 Checking for update using Github
2025-06-04 18:05:57 Success.
2025-06-04 18:05:57 Latest version is 1.8.10
2025-06-04 18:05:57 App is up to date.
2025-06-04 18:10:56 Loading main app package /usr/lib/obsidian/obsidian.asar
2025-06-04 18:10:56 Checking for update using Github
2025-06-04 18:10:56 Success.
2025-06-04 18:10:56 Latest version is 1.8.10
2025-06-04 18:10:56 App is up to date.
2025-06-04 18:28:21 Loading main app package /usr/lib/obsidian/obsidian.asar
2025-06-04 18:28:22 Checking for update using Github
2025-06-04 18:28:22 Success.
2025-06-04 18:28:22 Latest version is 1.8.10
2025-06-04 18:28:22 App is up to date.
2025-06-04 18:42:01 Loading main app package /usr/lib/obsidian/obsidian.asar
2025-06-04 18:42:02 Checking for update using Github
2025-06-04 18:42:02 Success.
2025-06-04 18:42:02 Latest version is 1.8.10
2025-06-04 18:42:02 App is up to date.
2025-06-04 19:23:32 Loading main app package /usr/lib/obsidian/obsidian.asar
2025-06-04 19:23:32 Checking for update using Github
2025-06-04 19:23:32 Success.
2025-06-04 19:23:32 Latest version is 1.8.10
2025-06-04 19:23:32 App is up to date.
2025-06-04 19:26:09 Loading main app package /usr/lib/obsidian/obsidian.asar
2025-06-04 19:26:10 Checking for update using Github
2025-06-04 19:26:10 Success.
2025-06-04 19:26:10 Latest version is 1.8.10
2025-06-04 19:26:10 App is up to date.
2025-06-04 19:31:04 Loading main app package /usr/lib/obsidian/obsidian.asar
2025-06-04 19:31:04 Checking for update using Github
2025-06-04 19:31:04 Success.
2025-06-04 19:31:04 Latest version is 1.8.10
2025-06-04 19:31:04 App is up to date.
2025-06-04 19:48:39 Loading main app package /usr/lib/obsidian/obsidian.asar
2025-06-04 19:48:39 Checking for update using Github
2025-06-04 19:48:39 Success.
2025-06-04 19:48:39 Latest version is 1.8.10
2025-06-04 19:48:39 App is up to date.
2025-06-04 19:54:44 Loading main app package /usr/lib/obsidian/obsidian.asar
2025-06-04 19:54:45 Checking for update using Github
2025-06-04 19:54:45 Success.
2025-06-04 19:54:45 Latest version is 1.8.10
2025-06-04 19:54:45 App is up to date.
2025-06-04 19:55:57 Loading main app package /usr/lib/obsidian/obsidian.asar
2025-06-04 19:55:58 Checking for update using Github
2025-06-04 19:55:58 Success.
2025-06-04 19:55:58 Latest version is 1.8.10
2025-06-04 19:55:58 App is up to date.
2025-06-04 19:59:12 Loading main app package /usr/lib/obsidian/obsidian.asar
2025-06-04 19:59:13 Checking for update using Github
2025-06-04 19:59:13 Success.
2025-06-04 19:59:13 Latest version is 1.8.10
2025-06-04 19:59:13 App is up to date.
2025-06-04 20:59:12 Checking for update using Github
2025-06-04 20:59:13 Success.
2025-06-04 20:59:13 Latest version is 1.8.10
2025-06-04 20:59:13 App is up to date.
2025-06-04 21:18:36 Loading main app package /usr/lib/obsidian/obsidian.asar
2025-06-04 21:18:36 Checking for update using Github
2025-06-04 21:18:36 Success.
2025-06-04 21:18:36 Latest version is 1.8.10
2025-06-04 21:18:36 App is up to date.
2025-06-04 21:32:28 Loading main app package /usr/lib/obsidian/obsidian.asar
2025-06-04 21:32:28 Checking for update using Github
2025-06-04 21:32:28 Success.
2025-06-04 21:32:28 Latest version is 1.8.10
2025-06-04 21:32:28 App is up to date.
2025-06-04 21:37:56 Loading main app package /usr/lib/obsidian/obsidian.asar
2025-06-04 21:37:57 Checking for update using Github
2025-06-04 21:37:57 Success.
2025-06-04 21:37:57 Latest version is 1.8.10
2025-06-04 21:37:57 App is up to date.
2025-06-05 00:36:39 Loading main app package /usr/lib/obsidian/obsidian.asar
2025-06-05 00:36:39 Checking for update using Github
2025-06-05 00:36:39 Success.
2025-06-05 00:36:39 Latest version is 1.8.10
2025-06-05 00:36:39 App is up to date.
2025-06-05 01:36:39 Checking for update using Github
2025-06-05 01:36:39 Success.
2025-06-05 01:36:39 Latest version is 1.8.10
2025-06-05 01:36:39 App is up to date.
2025-06-05 02:36:39 Checking for update using Github
2025-06-05 02:36:39 Success.
2025-06-05 02:36:39 Latest version is 1.8.10
2025-06-05 02:36:39 App is up to date.
2025-06-05 03:36:39 Checking for update using Github
2025-06-05 03:36:39 Success.
2025-06-05 03:36:39 Latest version is 1.8.10
2025-06-05 03:36:39 App is up to date.
2025-06-05 04:36:39 Checking for update using Github
2025-06-05 04:36:39 Success.
2025-06-05 04:36:39 Latest version is 1.8.10
2025-06-05 04:36:39 App is up to date.
2025-06-05 05:36:39 Checking for update using Github
2025-06-05 05:36:39 Success.
2025-06-05 05:36:39 Latest version is 1.8.10
2025-06-05 05:36:39 App is up to date.
2025-06-05 06:36:39 Checking for update using Github
2025-06-05 06:36:39 Success.
2025-06-05 06:36:39 Latest version is 1.8.10
2025-06-05 06:36:39 App is up to date.
2025-06-05 07:36:39 Checking for update using Github
2025-06-05 07:36:39 Success.
2025-06-05 07:36:39 Latest version is 1.8.10
2025-06-05 07:36:39 App is up to date.
2025-06-05 08:36:39 Checking for update using Github
2025-06-05 08:36:39 Success.
2025-06-05 08:36:39 Latest version is 1.8.10
2025-06-05 08:36:39 App is up to date.
2025-06-05 09:36:20 Loading main app package /usr/lib/obsidian/obsidian.asar
2025-06-05 09:36:20 Checking for update using Github
2025-06-05 09:36:20 Success.
2025-06-05 09:36:20 Latest version is 1.8.10
2025-06-05 09:36:20 App is up to date.
2025-06-05 11:00:57 Loading main app package /usr/lib/obsidian/obsidian.asar
2025-06-05 11:00:57 Checking for update using Github
2025-06-05 11:00:57 Success.
2025-06-05 11:00:57 Latest version is 1.8.10
2025-06-05 11:00:57 App is up to date.
2025-06-05 12:00:57 Checking for update using Github
2025-06-05 12:00:57 Success.
2025-06-05 12:00:57 Latest version is 1.8.10
2025-06-05 12:00:57 App is up to date.
2025-06-05 13:00:57 Checking for update using Github
2025-06-05 13:00:57 Success.
2025-06-05 13:00:57 Latest version is 1.8.10
2025-06-05 13:00:57 App is up to date.
2025-06-05 14:00:57 Checking for update using Github
2025-06-05 14:00:57 Success.
2025-06-05 14:00:57 Latest version is 1.8.10
2025-06-05 14:00:57 App is up to date.
2025-06-05 15:00:57 Checking for update using Github
2025-06-05 15:00:57 Success.
2025-06-05 15:00:57 Latest version is 1.8.10
2025-06-05 15:00:57 App is up to date.
2025-06-05 16:00:57 Checking for update using Github
2025-06-05 16:00:57 Success.
2025-06-05 16:00:57 Latest version is 1.8.10
2025-06-05 16:00:57 App is up to date.
2025-06-05 17:00:57 Checking for update using Github
2025-06-05 17:00:57 Success.
2025-06-05 17:00:57 Latest version is 1.8.10
2025-06-05 17:00:57 App is up to date.
2025-06-05 18:00:57 Checking for update using Github
2025-06-05 18:00:57 Success.
2025-06-05 18:00:57 Latest version is 1.8.10
2025-06-05 18:00:57 App is up to date.
2025-06-05 19:00:57 Checking for update using Github
2025-06-05 19:00:57 Success.
2025-06-05 19:00:57 Latest version is 1.8.10
2025-06-05 19:00:57 App is up to date.
2025-06-05 20:00:57 Checking for update using Github
2025-06-05 20:00:57 Success.
2025-06-05 20:00:57 Latest version is 1.8.10
2025-06-05 20:00:57 App is up to date.
2025-06-05 21:00:57 Checking for update using Github
2025-06-05 21:00:57 Success.
2025-06-05 21:00:57 Latest version is 1.8.10
2025-06-05 21:00:57 App is up to date.
2025-06-05 22:00:57 Checking for update using Github
2025-06-05 22:00:57 Success.
2025-06-05 22:00:57 Latest version is 1.8.10
2025-06-05 22:00:57 App is up to date.
2025-06-05 23:00:57 Checking for update using Github
2025-06-05 23:00:57 Success.
2025-06-05 23:00:57 Latest version is 1.8.10
2025-06-05 23:00:57 App is up to date.
2025-06-06 00:00:57 Checking for update using Github
2025-06-06 00:00:57 Success.
2025-06-06 00:00:57 Latest version is 1.8.10
2025-06-06 00:00:57 App is up to date.
2025-06-06 01:00:57 Checking for update using Github
2025-06-06 01:00:57 Success.
2025-06-06 01:00:57 Latest version is 1.8.10
2025-06-06 01:00:57 App is up to date.
2025-06-06 02:00:57 Checking for update using Github
2025-06-06 02:00:57 Success.
2025-06-06 02:00:57 Latest version is 1.8.10
2025-06-06 02:00:57 App is up to date.
2025-06-06 02:44:34 Loading main app package /usr/lib/obsidian/obsidian.asar
2025-06-06 02:44:34 Checking for update using Github
2025-06-06 02:44:35 Success.
2025-06-06 02:44:35 Latest version is 1.8.10
2025-06-06 02:44:35 App is up to date.
2025-06-06 03:44:34 Checking for update using Github
2025-06-06 03:44:34 Success.
2025-06-06 03:44:34 Latest version is 1.8.10
2025-06-06 03:44:34 App is up to date.
2025-06-06 04:44:34 Checking for update using Github
2025-06-06 04:44:34 Success.
2025-06-06 04:44:34 Latest version is 1.8.10
2025-06-06 04:44:34 App is up to date.
2025-06-06 05:44:34 Checking for update using Github
2025-06-06 05:44:34 Success.
2025-06-06 05:44:34 Latest version is 1.8.10
2025-06-06 05:44:34 App is up to date.
2025-06-06 06:44:34 Checking for update using Github
2025-06-06 06:44:34 Success.
2025-06-06 06:44:34 Latest version is 1.8.10
2025-06-06 06:44:34 App is up to date.
2025-06-06 07:44:34 Checking for update using Github
2025-06-06 07:44:35 Success.
2025-06-06 07:44:35 Latest version is 1.8.10
2025-06-06 07:44:35 App is up to date.
2025-06-06 08:44:34 Checking for update using Github
2025-06-06 08:44:34 Success.
2025-06-06 08:44:34 Latest version is 1.8.10
2025-06-06 08:44:34 App is up to date.
2025-06-06 09:44:34 Checking for update using Github
2025-06-06 09:44:34 Success.
2025-06-06 09:44:34 Latest version is 1.8.10
2025-06-06 09:44:34 App is up to date.
2025-06-06 10:44:34 Checking for update using Github
2025-06-06 10:44:34 Success.
2025-06-06 10:44:34 Latest version is 1.8.10
2025-06-06 10:44:34 App is up to date.
2025-06-06 11:44:34 Checking for update using Github
2025-06-06 11:44:35 Success.
2025-06-06 11:44:35 Latest version is 1.8.10
2025-06-06 11:44:35 App is up to date.
2025-06-06 12:44:34 Checking for update using Github
2025-06-06 12:44:34 Success.
2025-06-06 12:44:34 Latest version is 1.8.10
2025-06-06 12:44:34 App is up to date.
2025-06-06 13:09:53 Loading main app package /usr/lib/obsidian/obsidian.asar
2025-06-06 13:09:53 Checking for update using Github
2025-06-06 13:09:53 Success.
2025-06-06 13:09:53 Latest version is 1.8.10
2025-06-06 13:09:53 App is up to date.
2025-06-06 14:09:53 Checking for update using Github
2025-06-06 14:09:53 Success.
2025-06-06 14:09:53 Latest version is 1.8.10
2025-06-06 14:09:53 App is up to date.
2025-06-06 15:09:53 Checking for update using Github
2025-06-06 15:09:53 Success.
2025-06-06 15:09:53 Latest version is 1.8.10
2025-06-06 15:09:53 App is up to date.
2025-06-06 16:09:53 Checking for update using Github
2025-06-06 16:09:53 Success.
2025-06-06 16:09:53 Latest version is 1.8.10
2025-06-06 16:09:53 App is up to date.
2025-06-06 17:09:53 Checking for update using Github
2025-06-06 17:09:53 Success.
2025-06-06 17:09:53 Latest version is 1.8.10
2025-06-06 17:09:53 App is up to date.
2025-06-06 18:09:53 Checking for update using Github
2025-06-06 18:09:53 Success.
2025-06-06 18:09:53 Latest version is 1.8.10
2025-06-06 18:09:53 App is up to date.
2025-06-06 19:09:53 Checking for update using Github
2025-06-06 19:09:53 Success.
2025-06-06 19:09:53 Latest version is 1.8.10
2025-06-06 19:09:53 App is up to date.
2025-06-06 20:09:53 Checking for update using Github
2025-06-06 20:09:53 Success.
2025-06-06 20:09:53 Latest version is 1.8.10
2025-06-06 20:09:53 App is up to date.
2025-06-06 21:09:53 Checking for update using Github
2025-06-06 21:09:53 Success.
2025-06-06 21:09:53 Latest version is 1.8.10
2025-06-06 21:09:53 App is up to date.
2025-06-06 22:09:53 Checking for update using Github
2025-06-06 22:09:53 Success.
2025-06-06 22:09:53 Latest version is 1.8.10
2025-06-06 22:09:53 App is up to date.
2025-06-06 23:09:53 Checking for update using Github
2025-06-06 23:09:53 Success.
2025-06-06 23:09:53 Latest version is 1.8.10
2025-06-06 23:09:53 App is up to date.
2025-06-07 00:09:53 Checking for update using Github
2025-06-07 00:09:53 Success.
2025-06-07 00:09:53 Latest version is 1.8.10
2025-06-07 00:09:53 App is up to date.
2025-06-07 00:59:28 Loading main app package /usr/lib/obsidian/obsidian.asar
2025-06-07 00:59:28 Checking for update using Github
2025-06-07 00:59:28 Success.
2025-06-07 00:59:28 Latest version is 1.8.10
2025-06-07 00:59:28 App is up to date.
2025-06-07 01:59:28 Checking for update using Github
2025-06-07 01:59:28 Success.
2025-06-07 01:59:28 Latest version is 1.8.10
2025-06-07 01:59:28 App is up to date.
2025-06-07 02:59:28 Checking for update using Github
2025-06-07 02:59:28 Success.
2025-06-07 02:59:28 Latest version is 1.8.10
2025-06-07 02:59:28 App is up to date.
2025-06-07 03:59:28 Checking for update using Github
2025-06-07 03:59:28 Success.
2025-06-07 03:59:28 Latest version is 1.8.10
2025-06-07 03:59:28 App is up to date.
2025-06-07 04:59:28 Checking for update using Github
2025-06-07 04:59:28 Success.
2025-06-07 04:59:28 Latest version is 1.8.10
2025-06-07 04:59:28 App is up to date.
2025-06-07 05:59:28 Checking for update using Github
2025-06-07 05:59:28 Success.
2025-06-07 05:59:28 Latest version is 1.8.10
2025-06-07 05:59:28 App is up to date.
2025-06-07 06:59:28 Checking for update using Github
2025-06-07 06:59:28 Success.
2025-06-07 06:59:28 Latest version is 1.8.10
2025-06-07 06:59:28 App is up to date.
2025-06-07 07:59:28 Checking for update using Github
2025-06-07 07:59:28 Success.
2025-06-07 07:59:28 Latest version is 1.8.10
2025-06-07 07:59:28 App is up to date.
2025-06-07 08:59:28 Checking for update using Github
2025-06-07 08:59:28 Success.
2025-06-07 08:59:28 Latest version is 1.8.10
2025-06-07 08:59:28 App is up to date.
2025-06-07 09:59:28 Checking for update using Github
2025-06-07 09:59:28 Success.
2025-06-07 09:59:28 Latest version is 1.8.10
2025-06-07 09:59:28 App is up to date.
2025-06-07 10:59:28 Checking for update using Github
2025-06-07 10:59:28 Success.
2025-06-07 10:59:28 Latest version is 1.8.10
2025-06-07 10:59:28 App is up to date.
2025-06-07 11:59:28 Checking for update using Github
2025-06-07 11:59:28 Success.
2025-06-07 11:59:28 Latest version is 1.8.10
2025-06-07 11:59:28 App is up to date.
2025-06-07 12:05:00 Loading main app package /usr/lib/obsidian/obsidian.asar
2025-06-07 12:05:00 Checking for update using Github
2025-06-07 12:05:00 Success.
2025-06-07 12:05:00 Latest version is 1.8.10
2025-06-07 12:05:00 App is up to date.
2025-06-07 12:06:52 Loading main app package /usr/lib/obsidian/obsidian.asar
2025-06-07 12:06:52 Checking for update using Github
2025-06-07 12:06:52 Success.
2025-06-07 12:06:52 Latest version is 1.8.10
2025-06-07 12:06:52 App is up to date.
2025-06-07 13:06:52 Checking for update using Github
2025-06-07 13:06:52 Success.
2025-06-07 13:06:52 Latest version is 1.8.10
2025-06-07 13:06:52 App is up to date.
2025-06-07 14:06:52 Checking for update using Github
2025-06-07 14:06:52 Success.
2025-06-07 14:06:52 Latest version is 1.8.10
2025-06-07 14:06:52 App is up to date.
2025-06-09 20:13:09 Loading main app package /usr/lib/obsidian/obsidian.asar
2025-06-09 20:13:09 Checking for update using Github
2025-06-09 20:13:09 Success.
2025-06-09 20:13:09 Latest version is 1.8.10
2025-06-09 20:13:09 App is up to date.
2025-06-10 11:10:26 Loading main app package /usr/lib/obsidian/obsidian.asar
2025-06-10 11:10:26 Checking for update using Github
2025-06-10 11:10:26 Success.
2025-06-10 11:10:26 Latest version is 1.8.10
2025-06-10 11:10:26 App is up to date.
2025-06-11 02:11:42 Loading main app package /usr/lib/obsidian/obsidian.asar
2025-06-11 02:11:42 Checking for update using Github
2025-06-11 02:11:42 Success.
2025-06-11 02:11:42 Latest version is 1.8.10
2025-06-11 02:11:42 App is up to date.
2025-06-11 22:33:59 Loading main app package /usr/lib/obsidian/obsidian.asar
2025-06-11 22:33:59 Checking for update using Github
2025-06-11 22:33:59 Success.
2025-06-11 22:33:59 Latest version is 1.8.10
2025-06-11 22:33:59 App is up to date.
2025-06-11 23:33:59 Checking for update using Github
2025-06-11 23:33:59 Success.
2025-06-11 23:33:59 Latest version is 1.8.10
2025-06-11 23:33:59 App is up to date.
2025-06-12 00:33:59 Checking for update using Github
2025-06-12 00:33:59 Success.
2025-06-12 00:33:59 Latest version is 1.8.10
2025-06-12 00:33:59 App is up to date.
2025-06-12 01:33:59 Checking for update using Github
2025-06-12 01:33:59 Success.
2025-06-12 01:33:59 Latest version is 1.8.10
2025-06-12 01:33:59 App is up to date.
2025-06-12 02:33:59 Checking for update using Github
2025-06-12 02:33:59 Success.
2025-06-12 02:33:59 Latest version is 1.8.10
2025-06-12 02:33:59 App is up to date.
2025-06-12 03:33:59 Checking for update using Github
2025-06-12 03:33:59 Success.
2025-06-12 03:33:59 Latest version is 1.8.10
2025-06-12 03:33:59 App is up to date.
2025-06-12 04:33:59 Checking for update using Github
2025-06-12 04:33:59 Success.
2025-06-12 04:33:59 Latest version is 1.8.10
2025-06-12 04:33:59 App is up to date.
2025-06-12 11:46:43 Loading main app package /usr/lib/obsidian/obsidian.asar
2025-06-12 11:46:44 Checking for update using Github
2025-06-12 11:46:44 Success.
2025-06-12 11:46:44 Latest version is 1.8.10
2025-06-12 11:46:44 App is up to date.
2025-06-12 12:46:43 Checking for update using Github
2025-06-12 12:46:43 Success.
2025-06-12 12:46:43 Latest version is 1.8.10
2025-06-12 12:46:43 App is up to date.
2025-06-12 13:46:43 Checking for update using Github
2025-06-12 13:46:43 Success.
2025-06-12 13:46:43 Latest version is 1.8.10
2025-06-12 13:46:43 App is up to date.
2025-06-12 14:46:43 Checking for update using Github
2025-06-12 14:46:43 Success.
2025-06-12 14:46:43 Latest version is 1.8.10
2025-06-12 14:46:43 App is up to date.
2025-06-12 15:46:43 Checking for update using Github
2025-06-12 15:46:43 Success.
2025-06-12 15:46:43 Latest version is 1.8.10
2025-06-12 15:46:43 App is up to date.
2025-06-12 16:46:43 Checking for update using Github
2025-06-12 16:46:43 Success.
2025-06-12 16:46:43 Latest version is 1.8.10
2025-06-12 16:46:43 App is up to date.
2025-06-12 17:46:43 Checking for update using Github
2025-06-12 17:46:43 Success.
2025-06-12 17:46:43 Latest version is 1.8.10
2025-06-12 17:46:43 App is up to date.
2025-06-12 18:46:43 Checking for update using Github
2025-06-12 18:46:43 Success.
2025-06-12 18:46:43 Latest version is 1.8.10
2025-06-12 18:46:43 App is up to date.
2025-06-12 19:46:43 Checking for update using Github
2025-06-12 19:46:44 Success.
2025-06-12 19:46:44 Latest version is 1.8.10
2025-06-12 19:46:44 App is up to date.
2025-06-12 20:14:31 Loading main app package /usr/lib/obsidian/obsidian.asar
2025-06-12 20:14:31 Checking for update using Github
2025-06-12 20:14:32 Success.
2025-06-12 20:14:32 Latest version is 1.8.10
2025-06-12 20:14:32 App is up to date.
2025-06-14 03:49:37 Loading main app package /usr/lib/obsidian/obsidian.asar
2025-06-14 03:49:37 Checking for update using Github
2025-06-14 03:49:37 Success.
2025-06-14 03:49:37 Latest version is 1.8.10
2025-06-14 03:49:37 App is up to date.
2025-06-14 04:03:36 Loading main app package /usr/lib/obsidian/obsidian.asar
2025-06-14 04:03:36 Checking for update using Github
2025-06-14 04:03:36 Success.
2025-06-14 04:03:36 Latest version is 1.8.10
2025-06-14 04:03:36 App is up to date.
2025-06-14 04:04:15 Loading main app package /usr/lib/obsidian/obsidian.asar
2025-06-14 04:04:15 Checking for update using Github
2025-06-14 04:04:15 Success.
2025-06-14 04:04:15 Latest version is 1.8.10
2025-06-14 04:04:15 App is up to date.
2025-06-14 04:06:57 Loading main app package /usr/lib/obsidian/obsidian.asar
2025-06-14 04:06:57 Checking for update using Github
2025-06-14 04:06:57 Success.
2025-06-14 04:06:57 Latest version is 1.8.10
2025-06-14 04:06:57 App is up to date.
2025-06-15 03:56:28 Loading main app package /usr/lib/obsidian/obsidian.asar
2025-06-15 03:56:28 Checking for update using Github
2025-06-15 03:56:28 Success.
2025-06-15 03:56:28 Latest version is 1.8.10
2025-06-15 03:56:28 App is up to date.
2025-06-15 03:57:32 Loading main app package /usr/lib/obsidian/obsidian.asar
2025-06-15 03:57:32 Checking for update using Github
2025-06-15 03:57:32 Success.
2025-06-15 03:57:32 Latest version is 1.8.10
2025-06-15 03:57:32 App is up to date.
2025-06-15 03:58:11 Loading main app package /usr/lib/obsidian/obsidian.asar
2025-06-15 03:58:11 Checking for update using Github
2025-06-15 03:58:11 Success.
2025-06-15 03:58:11 Latest version is 1.8.10
2025-06-15 03:58:11 App is up to date.
2025-06-15 03:59:25 Loading main app package /usr/lib/obsidian/obsidian.asar
2025-06-15 03:59:25 Checking for update using Github
2025-06-15 03:59:25 Success.
2025-06-15 03:59:25 Latest version is 1.8.10
2025-06-15 03:59:25 App is up to date.
2025-06-15 04:00:15 Loading main app package /usr/lib/obsidian/obsidian.asar
2025-06-15 04:00:15 Checking for update using Github
2025-06-15 04:00:15 Success.
2025-06-15 04:00:15 Latest version is 1.8.10
2025-06-15 04:00:15 App is up to date.
2025-06-15 04:01:20 Loading main app package /usr/lib/obsidian/obsidian.asar
2025-06-15 04:01:20 Checking for update using Github
2025-06-15 04:01:20 Success.
2025-06-15 04:01:20 Latest version is 1.8.10
2025-06-15 04:01:20 App is up to date.
2025-06-16 00:18:19 Loading main app package /usr/lib/obsidian/obsidian.asar
2025-06-16 00:18:19 Checking for update using Github
2025-06-16 00:18:20 Success.
2025-06-16 00:18:20 Latest version is 1.8.10
2025-06-16 00:18:20 App is up to date.
2025-06-16 01:18:19 Checking for update using Github
2025-06-16 01:18:19 Success.
2025-06-16 01:18:19 Latest version is 1.8.10
2025-06-16 01:18:19 App is up to date.
2025-06-16 02:18:19 Checking for update using Github
2025-06-16 02:18:19 Success.
2025-06-16 02:18:19 Latest version is 1.8.10
2025-06-16 02:18:19 App is up to date.
2025-06-16 03:18:19 Checking for update using Github
2025-06-16 03:18:19 Success.
2025-06-16 03:18:19 Latest version is 1.8.10
2025-06-16 03:18:19 App is up to date.
2025-06-16 04:18:19 Checking for update using Github
2025-06-16 04:18:19 Success.
2025-06-16 04:18:19 Latest version is 1.8.10
2025-06-16 04:18:19 App is up to date.
2025-06-16 05:18:19 Checking for update using Github
2025-06-16 05:18:19 Success.
2025-06-16 05:18:19 Latest version is 1.8.10
2025-06-16 05:18:19 App is up to date.
2025-06-16 06:18:19 Checking for update using Github
2025-06-16 06:18:19 Success.
2025-06-16 06:18:19 Latest version is 1.8.10
2025-06-16 06:18:19 App is up to date.
2025-06-16 07:18:19 Checking for update using Github
2025-06-16 07:18:19 Success.
2025-06-16 07:18:19 Latest version is 1.8.10
2025-06-16 07:18:19 App is up to date.
2025-06-16 08:18:19 Checking for update using Github
2025-06-16 08:18:19 Success.
2025-06-16 08:18:19 Latest version is 1.8.10
2025-06-16 08:18:19 App is up to date.
2025-06-16 09:18:19 Checking for update using Github
2025-06-16 09:18:19 Success.
2025-06-16 09:18:19 Latest version is 1.8.10
2025-06-16 09:18:19 App is up to date.
2025-06-16 10:18:19 Checking for update using Github
2025-06-16 10:18:19 Success.
2025-06-16 10:18:19 Latest version is 1.8.10
2025-06-16 10:18:19 App is up to date.
2025-06-16 11:18:19 Checking for update using Github
2025-06-16 11:18:19 Success.
2025-06-16 11:18:19 Latest version is 1.8.10
2025-06-16 11:18:19 App is up to date.
2025-06-16 12:18:19 Checking for update using Github
2025-06-16 12:18:20 Success.
2025-06-16 12:18:20 Latest version is 1.8.10
2025-06-16 12:18:20 App is up to date.
2025-06-16 13:18:19 Checking for update using Github
2025-06-16 13:18:19 Success.
2025-06-16 13:18:19 Latest version is 1.8.10
2025-06-16 13:18:19 App is up to date.
2025-06-16 14:18:19 Checking for update using Github
2025-06-16 14:18:19 Success.
2025-06-16 14:18:19 Latest version is 1.8.10
2025-06-16 14:18:19 App is up to date.
2025-06-16 15:18:19 Checking for update using Github
2025-06-16 15:18:19 Success.
2025-06-16 15:18:19 Latest version is 1.8.10
2025-06-16 15:18:19 App is up to date.
2025-06-16 16:18:19 Checking for update using Github
2025-06-16 16:18:19 Success.
2025-06-16 16:18:19 Latest version is 1.8.10
2025-06-16 16:18:19 App is up to date.
2025-06-16 17:18:19 Checking for update using Github
2025-06-16 17:18:19 Success.
2025-06-16 17:18:19 Latest version is 1.8.10
2025-06-16 17:18:19 App is up to date.
2025-06-16 18:18:19 Checking for update using Github
2025-06-16 18:18:19 Success.
2025-06-16 18:18:19 Latest version is 1.8.10
2025-06-16 18:18:19 App is up to date.
2025-06-16 19:18:19 Checking for update using Github
2025-06-16 19:18:19 Success.
2025-06-16 19:18:19 Latest version is 1.8.10
2025-06-16 19:18:19 App is up to date.
2025-06-16 20:18:19 Checking for update using Github
2025-06-16 20:18:20 Success.
2025-06-16 20:18:20 Latest version is 1.8.10
2025-06-16 20:18:20 App is up to date.
2025-06-16 22:04:38 Loading main app package /usr/lib/obsidian/obsidian.asar
2025-06-16 22:04:38 Checking for update using Github
2025-06-16 22:04:38 Success.
2025-06-16 22:04:38 Latest version is 1.8.10
2025-06-16 22:04:38 App is up to date.
2025-06-16 22:46:23 Loading main app package /usr/lib/obsidian/obsidian.asar
2025-06-16 22:46:23 Checking for update using Github
2025-06-16 22:46:23 Success.
2025-06-16 22:46:23 Latest version is 1.8.10
2025-06-16 22:46:23 App is up to date.
2025-06-17 03:01:27 Loading main app package /usr/lib/obsidian/obsidian.asar
2025-06-17 03:01:28 Checking for update using Github
2025-06-17 03:01:28 Success.
2025-06-17 03:01:28 Latest version is 1.8.10
2025-06-17 03:01:28 App is up to date.
2025-06-17 03:03:25 Loading main app package /usr/lib/obsidian/obsidian.asar
2025-06-17 03:03:25 Checking for update using Github
2025-06-17 03:03:25 Success.
2025-06-17 03:03:25 Latest version is 1.8.10
2025-06-17 03:03:25 App is up to date.
2025-06-17 03:04:23 Loading main app package /usr/lib/obsidian/obsidian.asar
2025-06-17 03:04:23 Checking for update using Github
2025-06-17 03:04:24 Success.
2025-06-17 03:04:24 Latest version is 1.8.10
2025-06-17 03:04:24 App is up to date.
2025-06-17 03:06:05 Loading main app package /usr/lib/obsidian/obsidian.asar
2025-06-17 03:06:05 Checking for update using Github
2025-06-17 03:06:05 Success.
2025-06-17 03:06:05 Latest version is 1.8.10
2025-06-17 03:06:05 App is up to date.
2025-06-17 03:08:09 Loading main app package /usr/lib/obsidian/obsidian.asar
2025-06-17 03:08:09 Checking for update using Github
2025-06-17 03:08:09 Success.
2025-06-17 03:08:09 Latest version is 1.8.10
2025-06-17 03:08:09 App is up to date.
2025-06-17 03:09:17 Loading main app package /usr/lib/obsidian/obsidian.asar
2025-06-17 03:09:17 Checking for update using Github
2025-06-17 03:09:17 Success.
2025-06-17 03:09:17 Latest version is 1.8.10
2025-06-17 03:09:17 App is up to date.
2025-06-17 03:10:07 Loading main app package /usr/lib/obsidian/obsidian.asar
2025-06-17 03:10:07 Checking for update using Github
2025-06-17 03:10:07 Success.
2025-06-17 03:10:07 Latest version is 1.8.10
2025-06-17 03:10:07 App is up to date.
2025-06-17 03:12:41 Loading main app package /usr/lib/obsidian/obsidian.asar
2025-06-17 03:12:41 Checking for update using Github
2025-06-17 03:12:41 Success.
2025-06-17 03:12:41 Latest version is 1.8.10
2025-06-17 03:12:41 App is up to date.
2025-06-17 03:14:07 Loading main app package /usr/lib/obsidian/obsidian.asar
2025-06-17 03:14:08 Checking for update using Github
2025-06-17 03:14:08 Success.
2025-06-17 03:14:08 Latest version is 1.8.10
2025-06-17 03:14:08 App is up to date.
2025-06-17 03:15:28 Loading main app package /usr/lib/obsidian/obsidian.asar
2025-06-17 03:15:28 Checking for update using Github
2025-06-17 03:15:28 Success.
2025-06-17 03:15:28 Latest version is 1.8.10
2025-06-17 03:15:28 App is up to date.
2025-06-17 03:17:27 Loading main app package /usr/lib/obsidian/obsidian.asar
2025-06-17 03:17:27 Checking for update using Github
2025-06-17 03:17:27 Success.
2025-06-17 03:17:27 Latest version is 1.8.10
2025-06-17 03:17:27 App is up to date.
2025-06-20 21:32:54 Loading main app package /usr/lib/obsidian/obsidian.asar
2025-06-20 21:32:54 Checking for update using Github
2025-06-20 21:32:54 Success.
2025-06-20 21:32:54 Latest version is 1.8.10
2025-06-20 21:32:54 App is up to date.
2025-06-20 21:46:19 Loading main app package /usr/lib/obsidian/obsidian.asar
2025-06-20 21:46:19 Checking for update using Github
2025-06-20 21:46:19 Success.
2025-06-20 21:46:19 Latest version is 1.8.10
2025-06-20 21:46:19 App is up to date.
2025-06-20 21:53:18 Loading main app package /usr/lib/obsidian/obsidian.asar
2025-06-20 21:53:18 Checking for update using Github
2025-06-20 21:53:18 Success.
2025-06-20 21:53:18 Latest version is 1.8.10
2025-06-20 21:53:18 App is up to date.
2025-06-20 21:53:38 Loading main app package /usr/lib/obsidian/obsidian.asar
2025-06-20 21:53:38 Checking for update using Github
2025-06-20 21:53:39 Success.
2025-06-20 21:53:39 Latest version is 1.8.10
2025-06-20 21:53:39 App is up to date.
2025-06-20 21:53:51 Loading main app package /usr/lib/obsidian/obsidian.asar
2025-06-20 21:53:51 Checking for update using Github
2025-06-20 21:53:51 Success.
2025-06-20 21:53:51 Latest version is 1.8.10
2025-06-20 21:53:51 App is up to date.
